[2023-10-30 15:01:58,828] INFO [GroupCoordinator 0]: Member rdkafka-3ad0f8c2-e80a-4cbd-90be-b980f06a196f in group test-consumer-group has failed, removing it from the group (kafka.coordinator.group.GroupCoordinator)
[2023-10-30 15:01:58,829] INFO [GroupCoordinator 0]: Preparing to rebalance group test-consumer-group in state PreparingRebalance with old generation 5 (__consumer_offsets-31) (reason: removing member rdkafka-3ad0f8c2-e80a-4cbd-90be-b980f06a196f on heartbeat expiration) (kafka.coordinator.group.GroupCoordinator)
[2023-10-30 15:02:10,828] INFO [GroupCoordinator 0]: Member rdkafka-9cb77ca3-e6ac-4d7b-b990-22f0ba1a4c7d in group test-consumer-group has failed, removing it from the group (kafka.coordinator.group.GroupCoordinator)
[2023-10-30 15:02:13,827] INFO [GroupCoordinator 0]: Member rdkafka-3fdf76ed-1392-413f-a400-03c31c12e21b in group test-consumer-group has failed, removing it from the group (kafka.coordinator.group.GroupCoordinator)
[2023-10-30 15:02:13,828] INFO [GroupCoordinator 0]: Member rdkafka-464746ae-3a5c-40b2-94b7-e90bbeaa6add in group test-consumer-group has failed, removing it from the group (kafka.coordinator.group.GroupCoordinator)
[2023-10-30 15:02:13,828] INFO [GroupCoordinator 0]: Group test-consumer-group with generation 6 is now empty (__consumer_offsets-31) (kafka.coordinator.group.GroupCoordinator)
[2023-10-30 15:02:45,636] INFO [GroupCoordinator 0]: Dynamic member with unknown member id joins group test-consumer-group in Empty state. Created a new member id rdkafka-82039508-362c-4a4e-adaf-ea8f5636d4f4 and request the member to rejoin with this id. (kafka.coordinator.group.GroupCoordinator)
[2023-10-30 15:02:45,638] INFO [GroupCoordinator 0]: Preparing to rebalance group test-consumer-group in state PreparingRebalance with old generation 6 (__consumer_offsets-31) (reason: Adding new member rdkafka-82039508-362c-4a4e-adaf-ea8f5636d4f4 with group instance id None; client reason: not provided) (kafka.coordinator.group.GroupCoordinator)
[2023-10-30 15:02:45,638] INFO [GroupCoordinator 0]: Stabilized group test-consumer-group generation 7 (__consumer_offsets-31) with 1 members (kafka.coordinator.group.GroupCoordinator)
[2023-10-30 15:02:45,640] INFO [GroupCoordinator 0]: Assignment received from leader rdkafka-82039508-362c-4a4e-adaf-ea8f5636d4f4 for group test-consumer-group for generation 7. The group has 1 members, 0 of which are static. (kafka.coordinator.group.GroupCoordinator)
[2023-10-30 15:02:55,901] INFO [GroupCoordinator 0]: Dynamic member with unknown member id joins group test-consumer-group in Stable state. Created a new member id rdkafka-1e8af4cc-fcdb-4c8e-84a4-74fc0ff0df5f and request the member to rejoin with this id. (kafka.coordinator.group.GroupCoordinator)
[2023-10-30 15:02:55,902] INFO [GroupCoordinator 0]: Preparing to rebalance group test-consumer-group in state PreparingRebalance with old generation 7 (__consumer_offsets-31) (reason: Adding new member rdkafka-1e8af4cc-fcdb-4c8e-84a4-74fc0ff0df5f with group instance id None; client reason: not provided) (kafka.coordinator.group.GroupCoordinator)
[2023-10-30 15:03:03,144] INFO [GroupCoordinator 0]: Dynamic member with unknown member id joins group test-consumer-group in PreparingRebalance state. Created a new member id rdkafka-71822939-8acf-4b3c-b1dd-13b40912e94d and request the member to rejoin with this id. (kafka.coordinator.group.GroupCoordinator)
[2023-10-30 15:03:39,643] INFO [GroupCoordinator 0]: Member rdkafka-82039508-362c-4a4e-adaf-ea8f5636d4f4 in group test-consumer-group has failed, removing it from the group (kafka.coordinator.group.GroupCoordinator)
[2023-10-30 15:03:39,644] INFO [GroupCoordinator 0]: Stabilized group test-consumer-group generation 8 (__consumer_offsets-31) with 2 members (kafka.coordinator.group.GroupCoordinator)
[2023-10-30 15:04:24,645] INFO [GroupCoordinator 0]: Member rdkafka-71822939-8acf-4b3c-b1dd-13b40912e94d in group test-consumer-group has failed, removing it from the group (kafka.coordinator.group.GroupCoordinator)
[2023-10-30 15:04:24,646] INFO [GroupCoordinator 0]: Preparing to rebalance group test-consumer-group in state PreparingRebalance with old generation 8 (__consumer_offsets-31) (reason: removing member rdkafka-71822939-8acf-4b3c-b1dd-13b40912e94d on heartbeat expiration) (kafka.coordinator.group.GroupCoordinator)
[2023-10-30 15:04:24,646] INFO [GroupCoordinator 0]: Member rdkafka-1e8af4cc-fcdb-4c8e-84a4-74fc0ff0df5f in group test-consumer-group has failed, removing it from the group (kafka.coordinator.group.GroupCoordinator)
[2023-10-30 15:04:24,646] INFO [GroupCoordinator 0]: Group test-consumer-group with generation 9 is now empty (__consumer_offsets-31) (kafka.coordinator.group.GroupCoordinator)
[2023-10-30 15:06:47,322] INFO [GroupCoordinator 0]: Dynamic member with unknown member id joins group console-consumer-71294 in Empty state. Created a new member id console-consumer-2925d995-04eb-4000-8523-7d2e31480e27 and request the member to rejoin with this id. (kafka.coordinator.group.GroupCoordinator)
[2023-10-30 15:06:47,325] INFO [GroupCoordinator 0]: Preparing to rebalance group console-consumer-71294 in state PreparingRebalance with old generation 0 (__consumer_offsets-34) (reason: Adding new member console-consumer-2925d995-04eb-4000-8523-7d2e31480e27 with group instance id None; client reason: rebalance failed due to MemberIdRequiredException) (kafka.coordinator.group.GroupCoordinator)
[2023-10-30 15:06:47,326] INFO [GroupCoordinator 0]: Stabilized group console-consumer-71294 generation 1 (__consumer_offsets-34) with 1 members (kafka.coordinator.group.GroupCoordinator)
[2023-10-30 15:06:47,338] INFO [GroupCoordinator 0]: Assignment received from leader console-consumer-2925d995-04eb-4000-8523-7d2e31480e27 for group console-consumer-71294 for generation 1. The group has 1 members, 0 of which are static. (kafka.coordinator.group.GroupCoordinator)
[2023-10-30 15:07:42,651] INFO [GroupCoordinator 0]: Preparing to rebalance group console-consumer-71294 in state PreparingRebalance with old generation 1 (__consumer_offsets-34) (reason: Removing member console-consumer-2925d995-04eb-4000-8523-7d2e31480e27 on LeaveGroup; client reason: the consumer is being closed) (kafka.coordinator.group.GroupCoordinator)
[2023-10-30 15:07:42,651] INFO [GroupCoordinator 0]: Group console-consumer-71294 with generation 2 is now empty (__consumer_offsets-34) (kafka.coordinator.group.GroupCoordinator)
[2023-10-30 15:07:42,654] INFO [GroupCoordinator 0]: Member MemberMetadata(memberId=console-consumer-2925d995-04eb-4000-8523-7d2e31480e27, groupInstanceId=None, clientId=console-consumer, clientHost=/127.0.0.1, sessionTimeoutMs=45000, rebalanceTimeoutMs=300000, supportedProtocols=List(range, cooperative-sticky)) has left group console-consumer-71294 through explicit `LeaveGroup`; client reason: the consumer is being closed (kafka.coordinator.group.GroupCoordinator)
[2023-10-30 15:10:37,504] INFO [BrokerToControllerChannelManager id=0 name=forwarding] Node 0 disconnected. (org.apache.kafka.clients.NetworkClient)
[2023-10-30 15:16:29,665] INFO [GroupMetadataManager brokerId=0] Group console-consumer-71294 transitioned to Dead in generation 2 (kafka.coordinator.group.GroupMetadataManager)
[2023-10-30 15:23:45,719] INFO [Controller id=0, targetBrokerId=0] Node 0 disconnected. (org.apache.kafka.clients.NetworkClient)
[2023-10-30 15:23:45,724] INFO [GroupCoordinator 0]: Removed 0 offsets associated with deleted partitions: registros-0. (kafka.coordinator.group.GroupCoordinator)
[2023-10-30 15:23:45,748] INFO [ReplicaFetcherManager on broker 0] Removed fetcher for partitions Set(registros-0) (kafka.server.ReplicaFetcherManager)
[2023-10-30 15:23:45,748] INFO [ReplicaAlterLogDirsManager on broker 0] Removed fetcher for partitions Set(registros-0) (kafka.server.ReplicaAlterLogDirsManager)
[2023-10-30 15:23:45,754] INFO [ReplicaFetcherManager on broker 0] Removed fetcher for partitions Set(registros-0) (kafka.server.ReplicaFetcherManager)
[2023-10-30 15:23:45,755] INFO [ReplicaAlterLogDirsManager on broker 0] Removed fetcher for partitions Set(registros-0) (kafka.server.ReplicaAlterLogDirsManager)
[2023-10-30 15:23:45,761] INFO Log for partition registros-0 is renamed to /home/hcw/Documents/sd_t2/logs/zookeeper/registros-0.12472a12b91046fd9123647580f07452-delete and is scheduled for deletion (kafka.log.LogManager)
[2023-10-30 15:24:44,525] INFO Creating topic my-topic with configuration {} and initial partition assignment HashMap(0 -> ArrayBuffer(0), 1 -> ArrayBuffer(0)) (kafka.zk.AdminZkClient)
[2023-10-30 15:24:44,554] INFO [ReplicaFetcherManager on broker 0] Removed fetcher for partitions Set(my-topic-1, my-topic-0) (kafka.server.ReplicaFetcherManager)
[2023-10-30 15:24:44,558] INFO [LogLoader partition=my-topic-1, dir=/home/hcw/Documents/sd_t2/logs/zookeeper] Loading producer state till offset 0 with message format version 2 (kafka.log.UnifiedLog$)
[2023-10-30 15:24:44,558] INFO Created log for partition my-topic-1 in /home/hcw/Documents/sd_t2/logs/zookeeper/my-topic-1 with properties {} (kafka.log.LogManager)
[2023-10-30 15:24:44,559] INFO [Partition my-topic-1 broker=0] No checkpointed highwatermark is found for partition my-topic-1 (kafka.cluster.Partition)
[2023-10-30 15:24:44,560] INFO [Partition my-topic-1 broker=0] Log loaded for partition my-topic-1 with initial high watermark 0 (kafka.cluster.Partition)
[2023-10-30 15:24:44,566] INFO [LogLoader partition=my-topic-0, dir=/home/hcw/Documents/sd_t2/logs/zookeeper] Loading producer state till offset 0 with message format version 2 (kafka.log.UnifiedLog$)
[2023-10-30 15:24:44,566] INFO Created log for partition my-topic-0 in /home/hcw/Documents/sd_t2/logs/zookeeper/my-topic-0 with properties {} (kafka.log.LogManager)
[2023-10-30 15:24:44,567] INFO [Partition my-topic-0 broker=0] No checkpointed highwatermark is found for partition my-topic-0 (kafka.cluster.Partition)
[2023-10-30 15:24:44,567] INFO [Partition my-topic-0 broker=0] Log loaded for partition my-topic-0 with initial high watermark 0 (kafka.cluster.Partition)
[2023-10-30 15:24:45,763] INFO [LocalLog partition=registros-0, dir=/home/hcw/Documents/sd_t2/logs/zookeeper] Deleting segments as the log has been deleted: LogSegment(baseOffset=0, size=0, lastModifiedTime=1698686790150, largestRecordTimestamp=None) (kafka.log.LocalLog)
[2023-10-30 15:24:45,764] INFO [LocalLog partition=registros-0, dir=/home/hcw/Documents/sd_t2/logs/zookeeper] Deleting segment files LogSegment(baseOffset=0, size=0, lastModifiedTime=1698686790150, largestRecordTimestamp=None) (kafka.log.LocalLog$)
[2023-10-30 15:24:45,765] INFO Deleted log /home/hcw/Documents/sd_t2/logs/zookeeper/registros-0.12472a12b91046fd9123647580f07452-delete/00000000000000000000.log.deleted. (kafka.log.LogSegment)
[2023-10-30 15:24:45,776] INFO Deleted offset index /home/hcw/Documents/sd_t2/logs/zookeeper/registros-0.12472a12b91046fd9123647580f07452-delete/00000000000000000000.index.deleted. (kafka.log.LogSegment)
[2023-10-30 15:24:45,776] INFO Deleted time index /home/hcw/Documents/sd_t2/logs/zookeeper/registros-0.12472a12b91046fd9123647580f07452-delete/00000000000000000000.timeindex.deleted. (kafka.log.LogSegment)
[2023-10-30 15:24:45,779] INFO Deleted log for partition registros-0 in /home/hcw/Documents/sd_t2/logs/zookeeper/registros-0.12472a12b91046fd9123647580f07452-delete. (kafka.log.LogManager)
[2023-10-30 15:39:22,137] INFO Creating topic registros with configuration {} and initial partition assignment HashMap(0 -> ArrayBuffer(0), 1 -> ArrayBuffer(0)) (kafka.zk.AdminZkClient)
[2023-10-30 15:39:22,166] INFO [Controller id=0, targetBrokerId=0] Node 0 disconnected. (org.apache.kafka.clients.NetworkClient)
[2023-10-30 15:39:22,168] INFO [ReplicaFetcherManager on broker 0] Removed fetcher for partitions Set(registros-0, registros-1) (kafka.server.ReplicaFetcherManager)
[2023-10-30 15:39:22,171] INFO [LogLoader partition=registros-0, dir=/home/hcw/Documents/sd_t2/logs/zookeeper] Loading producer state till offset 0 with message format version 2 (kafka.log.UnifiedLog$)
[2023-10-30 15:39:22,171] INFO Created log for partition registros-0 in /home/hcw/Documents/sd_t2/logs/zookeeper/registros-0 with properties {} (kafka.log.LogManager)
[2023-10-30 15:39:22,172] INFO [Partition registros-0 broker=0] No checkpointed highwatermark is found for partition registros-0 (kafka.cluster.Partition)
[2023-10-30 15:39:22,172] INFO [Partition registros-0 broker=0] Log loaded for partition registros-0 with initial high watermark 0 (kafka.cluster.Partition)
[2023-10-30 15:39:22,178] INFO [LogLoader partition=registros-1, dir=/home/hcw/Documents/sd_t2/logs/zookeeper] Loading producer state till offset 0 with message format version 2 (kafka.log.UnifiedLog$)
[2023-10-30 15:39:22,179] INFO Created log for partition registros-1 in /home/hcw/Documents/sd_t2/logs/zookeeper/registros-1 with properties {} (kafka.log.LogManager)
[2023-10-30 15:39:22,179] INFO [Partition registros-1 broker=0] No checkpointed highwatermark is found for partition registros-1 (kafka.cluster.Partition)
[2023-10-30 15:39:22,179] INFO [Partition registros-1 broker=0] Log loaded for partition registros-1 with initial high watermark 0 (kafka.cluster.Partition)
[2023-10-30 15:39:30,795] INFO [GroupCoordinator 0]: Removed 0 offsets associated with deleted partitions: my-topic-0, my-topic-1. (kafka.coordinator.group.GroupCoordinator)
[2023-10-30 15:39:30,801] INFO [ReplicaFetcherManager on broker 0] Removed fetcher for partitions Set(my-topic-0, my-topic-1) (kafka.server.ReplicaFetcherManager)
[2023-10-30 15:39:30,801] INFO [ReplicaAlterLogDirsManager on broker 0] Removed fetcher for partitions Set(my-topic-0, my-topic-1) (kafka.server.ReplicaAlterLogDirsManager)
[2023-10-30 15:39:30,802] INFO [ReplicaFetcherManager on broker 0] Removed fetcher for partitions Set(my-topic-0, my-topic-1) (kafka.server.ReplicaFetcherManager)
[2023-10-30 15:39:30,802] INFO [ReplicaAlterLogDirsManager on broker 0] Removed fetcher for partitions Set(my-topic-0, my-topic-1) (kafka.server.ReplicaAlterLogDirsManager)
[2023-10-30 15:39:30,804] INFO Log for partition my-topic-0 is renamed to /home/hcw/Documents/sd_t2/logs/zookeeper/my-topic-0.ba8eba1eeccb416a8f1ba8a33d54866f-delete and is scheduled for deletion (kafka.log.LogManager)
[2023-10-30 15:39:30,806] INFO Log for partition my-topic-1 is renamed to /home/hcw/Documents/sd_t2/logs/zookeeper/my-topic-1.eee44ff6beb74328a2af867bb419e6d7-delete and is scheduled for deletion (kafka.log.LogManager)
[2023-10-30 15:40:30,804] INFO [LocalLog partition=my-topic-0, dir=/home/hcw/Documents/sd_t2/logs/zookeeper] Deleting segments as the log has been deleted: LogSegment(baseOffset=0, size=0, lastModifiedTime=1698690284559, largestRecordTimestamp=None) (kafka.log.LocalLog)
[2023-10-30 15:40:30,805] INFO [LocalLog partition=my-topic-0, dir=/home/hcw/Documents/sd_t2/logs/zookeeper] Deleting segment files LogSegment(baseOffset=0, size=0, lastModifiedTime=1698690284559, largestRecordTimestamp=None) (kafka.log.LocalLog$)
[2023-10-30 15:40:30,806] INFO Deleted log /home/hcw/Documents/sd_t2/logs/zookeeper/my-topic-0.ba8eba1eeccb416a8f1ba8a33d54866f-delete/00000000000000000000.log.deleted. (kafka.log.LogSegment)
[2023-10-30 15:40:30,806] INFO Deleted offset index /home/hcw/Documents/sd_t2/logs/zookeeper/my-topic-0.ba8eba1eeccb416a8f1ba8a33d54866f-delete/00000000000000000000.index.deleted. (kafka.log.LogSegment)
[2023-10-30 15:40:30,806] INFO Deleted time index /home/hcw/Documents/sd_t2/logs/zookeeper/my-topic-0.ba8eba1eeccb416a8f1ba8a33d54866f-delete/00000000000000000000.timeindex.deleted. (kafka.log.LogSegment)
[2023-10-30 15:40:30,806] INFO Deleted log for partition my-topic-0 in /home/hcw/Documents/sd_t2/logs/zookeeper/my-topic-0.ba8eba1eeccb416a8f1ba8a33d54866f-delete. (kafka.log.LogManager)
[2023-10-30 15:40:30,806] INFO [LocalLog partition=my-topic-1, dir=/home/hcw/Documents/sd_t2/logs/zookeeper] Deleting segments as the log has been deleted: LogSegment(baseOffset=0, size=0, lastModifiedTime=1698690284551, largestRecordTimestamp=None) (kafka.log.LocalLog)
[2023-10-30 15:40:30,807] INFO [LocalLog partition=my-topic-1, dir=/home/hcw/Documents/sd_t2/logs/zookeeper] Deleting segment files LogSegment(baseOffset=0, size=0, lastModifiedTime=1698690284551, largestRecordTimestamp=None) (kafka.log.LocalLog$)
[2023-10-30 15:40:30,807] INFO Deleted log /home/hcw/Documents/sd_t2/logs/zookeeper/my-topic-1.eee44ff6beb74328a2af867bb419e6d7-delete/00000000000000000000.log.deleted. (kafka.log.LogSegment)
[2023-10-30 15:40:30,807] INFO Deleted offset index /home/hcw/Documents/sd_t2/logs/zookeeper/my-topic-1.eee44ff6beb74328a2af867bb419e6d7-delete/00000000000000000000.index.deleted. (kafka.log.LogSegment)
[2023-10-30 15:40:30,807] INFO Deleted time index /home/hcw/Documents/sd_t2/logs/zookeeper/my-topic-1.eee44ff6beb74328a2af867bb419e6d7-delete/00000000000000000000.timeindex.deleted. (kafka.log.LogSegment)
[2023-10-30 15:40:30,808] INFO Deleted log for partition my-topic-1 in /home/hcw/Documents/sd_t2/logs/zookeeper/my-topic-1.eee44ff6beb74328a2af867bb419e6d7-delete. (kafka.log.LogManager)
