[2023-10-30 15:23:45,716] INFO [Controller id=0 epoch=2] Sending UpdateMetadata request to brokers HashSet() for 0 partitions (state.change.logger)
[2023-10-30 15:23:45,717] INFO [Controller id=0 epoch=2] Sending UpdateMetadata request to brokers HashSet() for 0 partitions (state.change.logger)
[2023-10-30 15:23:45,718] INFO [Controller id=0 epoch=2] Sending UpdateMetadata request to brokers HashSet(0) for 1 partitions (state.change.logger)
[2023-10-30 15:23:45,722] INFO [Broker id=0] Add 0 partitions and deleted 1 partitions from metadata cache in response to UpdateMetadata request sent by controller 0 epoch 2 with correlation id 3 (state.change.logger)
[2023-10-30 15:23:45,737] INFO [Controller id=0 epoch=2] Partition registros-0 state changed to (Leader:-1,ISR:0,LeaderRecoveryState:RECOVERED,LeaderEpoch:1,ZkVersion:1,ControllerEpoch:2) after removing replica 0 from the ISR as part of transition to OfflineReplica (state.change.logger)
[2023-10-30 15:23:45,739] INFO [Controller id=0 epoch=2] Sending UpdateMetadata request to brokers HashSet() for 0 partitions (state.change.logger)
[2023-10-30 15:23:45,741] INFO [Controller id=0 epoch=2] Sending StopReplica request for 1 replicas to broker 0 (state.change.logger)
[2023-10-30 15:23:45,743] INFO [Controller id=0 epoch=2] Sending UpdateMetadata request to brokers HashSet() for 0 partitions (state.change.logger)
[2023-10-30 15:23:45,744] INFO [Controller id=0 epoch=2] Sending StopReplica request for 1 replicas to broker 0 (state.change.logger)
[2023-10-30 15:23:45,745] INFO [Broker id=0] Handling StopReplica request correlationId 4 from controller 0 for 1 partitions (state.change.logger)
[2023-10-30 15:23:45,754] INFO [Broker id=0] Handling StopReplica request correlationId 5 from controller 0 for 1 partitions (state.change.logger)
[2023-10-30 15:23:45,775] INFO [Controller id=0 epoch=2] Sending UpdateMetadata request to brokers HashSet() for 0 partitions (state.change.logger)
[2023-10-30 15:23:45,778] INFO [Controller id=0 epoch=2] Sending UpdateMetadata request to brokers HashSet() for 0 partitions (state.change.logger)
[2023-10-30 15:24:44,538] INFO [Controller id=0 epoch=2] Changed partition my-topic-0 state from NonExistentPartition to NewPartition with assigned replicas 0 (state.change.logger)
[2023-10-30 15:24:44,538] INFO [Controller id=0 epoch=2] Changed partition my-topic-1 state from NonExistentPartition to NewPartition with assigned replicas 0 (state.change.logger)
[2023-10-30 15:24:44,538] INFO [Controller id=0 epoch=2] Sending UpdateMetadata request to brokers HashSet() for 0 partitions (state.change.logger)
[2023-10-30 15:24:44,539] INFO [Controller id=0 epoch=2] Sending UpdateMetadata request to brokers HashSet() for 0 partitions (state.change.logger)
[2023-10-30 15:24:44,552] INFO [Controller id=0 epoch=2] Changed partition my-topic-0 from NewPartition to OnlinePartition with state LeaderAndIsr(leader=0, leaderEpoch=0, isrWithBrokerEpoch=List(BrokerState(brokerId=0, brokerEpoch=-1)), leaderRecoveryState=RECOVERED, partitionEpoch=0) (state.change.logger)
[2023-10-30 15:24:44,552] INFO [Controller id=0 epoch=2] Changed partition my-topic-1 from NewPartition to OnlinePartition with state LeaderAndIsr(leader=0, leaderEpoch=0, isrWithBrokerEpoch=List(BrokerState(brokerId=0, brokerEpoch=-1)), leaderRecoveryState=RECOVERED, partitionEpoch=0) (state.change.logger)
[2023-10-30 15:24:44,552] INFO [Controller id=0 epoch=2] Sending LeaderAndIsr request to broker 0 with 2 become-leader and 0 become-follower partitions (state.change.logger)
[2023-10-30 15:24:44,552] INFO [Controller id=0 epoch=2] Sending UpdateMetadata request to brokers HashSet(0) for 2 partitions (state.change.logger)
[2023-10-30 15:24:44,553] INFO [Controller id=0 epoch=2] Sending UpdateMetadata request to brokers HashSet() for 0 partitions (state.change.logger)
[2023-10-30 15:24:44,553] INFO [Broker id=0] Handling LeaderAndIsr request correlationId 6 from controller 0 for 2 partitions (state.change.logger)
[2023-10-30 15:24:44,554] INFO [Broker id=0] Stopped fetchers as part of LeaderAndIsr request correlationId 6 from controller 0 epoch 2 as part of the become-leader transition for 2 partitions (state.change.logger)
[2023-10-30 15:24:44,560] INFO [Broker id=0] Leader my-topic-1 with topic id Some(LxAtoTazS4CqGHOb2VO36Q) starts at leader epoch 0 from offset 0 with partition epoch 0, high watermark 0, ISR [0], adding replicas [] and removing replicas [] . Previous leader None and previous leader epoch was -1. (state.change.logger)
[2023-10-30 15:24:44,567] INFO [Broker id=0] Leader my-topic-0 with topic id Some(LxAtoTazS4CqGHOb2VO36Q) starts at leader epoch 0 from offset 0 with partition epoch 0, high watermark 0, ISR [0], adding replicas [] and removing replicas [] . Previous leader None and previous leader epoch was -1. (state.change.logger)
[2023-10-30 15:24:44,571] INFO [Broker id=0] Finished LeaderAndIsr request in 18ms correlationId 6 from controller 0 for 2 partitions (state.change.logger)
[2023-10-30 15:24:44,573] INFO [Broker id=0] Add 2 partitions and deleted 0 partitions from metadata cache in response to UpdateMetadata request sent by controller 0 epoch 2 with correlation id 7 (state.change.logger)
[2023-10-30 15:39:22,156] INFO [Controller id=0 epoch=2] Changed partition registros-0 state from NonExistentPartition to NewPartition with assigned replicas 0 (state.change.logger)
[2023-10-30 15:39:22,156] INFO [Controller id=0 epoch=2] Changed partition registros-1 state from NonExistentPartition to NewPartition with assigned replicas 0 (state.change.logger)
[2023-10-30 15:39:22,156] INFO [Controller id=0 epoch=2] Sending UpdateMetadata request to brokers HashSet() for 0 partitions (state.change.logger)
[2023-10-30 15:39:22,157] INFO [Controller id=0 epoch=2] Sending UpdateMetadata request to brokers HashSet() for 0 partitions (state.change.logger)
[2023-10-30 15:39:22,165] INFO [Controller id=0 epoch=2] Changed partition registros-0 from NewPartition to OnlinePartition with state LeaderAndIsr(leader=0, leaderEpoch=0, isrWithBrokerEpoch=List(BrokerState(brokerId=0, brokerEpoch=-1)), leaderRecoveryState=RECOVERED, partitionEpoch=0) (state.change.logger)
[2023-10-30 15:39:22,165] INFO [Controller id=0 epoch=2] Changed partition registros-1 from NewPartition to OnlinePartition with state LeaderAndIsr(leader=0, leaderEpoch=0, isrWithBrokerEpoch=List(BrokerState(brokerId=0, brokerEpoch=-1)), leaderRecoveryState=RECOVERED, partitionEpoch=0) (state.change.logger)
[2023-10-30 15:39:22,165] INFO [Controller id=0 epoch=2] Sending LeaderAndIsr request to broker 0 with 2 become-leader and 0 become-follower partitions (state.change.logger)
[2023-10-30 15:39:22,165] INFO [Controller id=0 epoch=2] Sending UpdateMetadata request to brokers HashSet(0) for 2 partitions (state.change.logger)
[2023-10-30 15:39:22,166] INFO [Controller id=0 epoch=2] Sending UpdateMetadata request to brokers HashSet() for 0 partitions (state.change.logger)
[2023-10-30 15:39:22,167] INFO [Broker id=0] Handling LeaderAndIsr request correlationId 8 from controller 0 for 2 partitions (state.change.logger)
[2023-10-30 15:39:22,168] INFO [Broker id=0] Stopped fetchers as part of LeaderAndIsr request correlationId 8 from controller 0 epoch 2 as part of the become-leader transition for 2 partitions (state.change.logger)
[2023-10-30 15:39:22,172] INFO [Broker id=0] Leader registros-0 with topic id Some(xAR1pEH6Q8mMB3COwoh_XA) starts at leader epoch 0 from offset 0 with partition epoch 0, high watermark 0, ISR [0], adding replicas [] and removing replicas [] . Previous leader None and previous leader epoch was -1. (state.change.logger)
[2023-10-30 15:39:22,179] INFO [Broker id=0] Leader registros-1 with topic id Some(xAR1pEH6Q8mMB3COwoh_XA) starts at leader epoch 0 from offset 0 with partition epoch 0, high watermark 0, ISR [0], adding replicas [] and removing replicas [] . Previous leader None and previous leader epoch was -1. (state.change.logger)
[2023-10-30 15:39:22,184] INFO [Broker id=0] Finished LeaderAndIsr request in 16ms correlationId 8 from controller 0 for 2 partitions (state.change.logger)
[2023-10-30 15:39:22,185] INFO [Broker id=0] Add 2 partitions and deleted 0 partitions from metadata cache in response to UpdateMetadata request sent by controller 0 epoch 2 with correlation id 9 (state.change.logger)
[2023-10-30 15:39:30,794] INFO [Controller id=0 epoch=2] Sending UpdateMetadata request to brokers HashSet() for 0 partitions (state.change.logger)
[2023-10-30 15:39:30,794] INFO [Controller id=0 epoch=2] Sending UpdateMetadata request to brokers HashSet() for 0 partitions (state.change.logger)
[2023-10-30 15:39:30,794] INFO [Controller id=0 epoch=2] Sending UpdateMetadata request to brokers HashSet(0) for 2 partitions (state.change.logger)
[2023-10-30 15:39:30,795] INFO [Broker id=0] Add 0 partitions and deleted 2 partitions from metadata cache in response to UpdateMetadata request sent by controller 0 epoch 2 with correlation id 10 (state.change.logger)
[2023-10-30 15:39:30,800] INFO [Controller id=0 epoch=2] Partition my-topic-0 state changed to (Leader:-1,ISR:0,LeaderRecoveryState:RECOVERED,LeaderEpoch:1,ZkVersion:1,ControllerEpoch:2) after removing replica 0 from the ISR as part of transition to OfflineReplica (state.change.logger)
[2023-10-30 15:39:30,800] INFO [Controller id=0 epoch=2] Partition my-topic-1 state changed to (Leader:-1,ISR:0,LeaderRecoveryState:RECOVERED,LeaderEpoch:1,ZkVersion:1,ControllerEpoch:2) after removing replica 0 from the ISR as part of transition to OfflineReplica (state.change.logger)
[2023-10-30 15:39:30,800] INFO [Controller id=0 epoch=2] Sending UpdateMetadata request to brokers HashSet() for 0 partitions (state.change.logger)
[2023-10-30 15:39:30,800] INFO [Controller id=0 epoch=2] Sending StopReplica request for 2 replicas to broker 0 (state.change.logger)
[2023-10-30 15:39:30,800] INFO [Controller id=0 epoch=2] Sending UpdateMetadata request to brokers HashSet() for 0 partitions (state.change.logger)
[2023-10-30 15:39:30,801] INFO [Controller id=0 epoch=2] Sending StopReplica request for 2 replicas to broker 0 (state.change.logger)
[2023-10-30 15:39:30,801] INFO [Broker id=0] Handling StopReplica request correlationId 11 from controller 0 for 2 partitions (state.change.logger)
[2023-10-30 15:39:30,802] INFO [Broker id=0] Handling StopReplica request correlationId 12 from controller 0 for 2 partitions (state.change.logger)
[2023-10-30 15:39:30,816] INFO [Controller id=0 epoch=2] Sending UpdateMetadata request to brokers HashSet() for 0 partitions (state.change.logger)
[2023-10-30 15:39:30,817] INFO [Controller id=0 epoch=2] Sending UpdateMetadata request to brokers HashSet() for 0 partitions (state.change.logger)
